# JRE version: OpenJDK Runtime Environment (8.0_152-b01) (build 1.8.0_152-release-1248-b01)
# Java VM: OpenJDK 64-Bit Server VM (25.152-b01 mixed mode windows-amd64 compressed oops)
Heap:
 PSYoungGen      total 254976K, used 85936K [0x00000000e0000000, 0x00000000f6180000, 0x0000000100000000)
  eden space 181248K, 6% used [0x00000000e0000000,0x00000000e0bedac0,0x00000000eb100000)
  from space 73728K, 99% used [0x00000000eb100000,0x00000000ef8fe838,0x00000000ef900000)
  to   space 79872K, 0% used [0x00000000f1380000,0x00000000f1380000,0x00000000f6180000)
 ParOldGen       total 217600K, used 139085K [0x00000000a0000000, 0x00000000ad480000, 0x00000000e0000000)
  object space 217600K, 63% used [0x00000000a0000000,0x00000000a87d3700,0x00000000ad480000)
 Metaspace       used 99198K, capacity 103200K, committed 103488K, reserved 1138688K
  class space    used 12466K, capacity 13306K, committed 13416K, reserved 1048576K
GC Heap History (10 events):
Event: 2693.845 GC heap before
{Heap before GC invocations=35 (full 4):
 PSYoungGen      total 252928K, used 189200K [0x00000000e0000000, 0x00000000f4100000, 0x0000000100000000)
  eden space 181248K, 100% used [0x00000000e0000000,0x00000000eb100000,0x00000000eb100000)
  from space 71680K, 11% used [0x00000000efb00000,0x00000000f02c4370,0x00000000f4100000)
  to   space 73728K, 0% used [0x00000000eb100000,0x00000000eb100000,0x00000000ef900000)
 ParOldGen       total 217600K, used 62886K [0x00000000a0000000, 0x00000000ad480000, 0x00000000e0000000)
  object space 217600K, 28% used [0x00000000a0000000,0x00000000a3d698b8,0x00000000ad480000)
 Metaspace       used 98631K, capacity 102572K, committed 102976K, reserved 1138688K
  class space    used 12429K, capacity 13286K, committed 13416K, reserved 1048576K
Event: 2693.871 GC heap after
Heap after GC invocations=35 (full 4):
 PSYoungGen      total 254976K, used 54811K [0x00000000e0000000, 0x00000000f6180000, 0x0000000100000000)
  eden space 181248K, 0% used [0x00000000e0000000,0x00000000e0000000,0x00000000eb100000)
  from space 73728K, 74% used [0x00000000eb100000,0x00000000ee686d68,0x00000000ef900000)
  to   space 79872K, 0% used [0x00000000f1380000,0x00000000f1380000,0x00000000f6180000)
 ParOldGen       total 217600K, used 62894K [0x00000000a0000000, 0x00000000ad480000, 0x00000000e0000000)
  object space 217600K, 28% used [0x00000000a0000000,0x00000000a3d6b8b8,0x00000000ad480000)
 Metaspace       used 98631K, capacity 102572K, committed 102976K, reserved 1138688K
  class space    used 12429K, capacity 13286K, committed 13416K, reserved 1048576K
}
Event: 2695.740 GC heap before
{Heap before GC invocations=36 (full 4):
 PSYoungGen      total 254976K, used 236059K [0x00000000e0000000, 0x00000000f6180000, 0x0000000100000000)
  eden space 181248K, 100% used [0x00000000e0000000,0x00000000eb100000,0x00000000eb100000)
  from space 73728K, 74% used [0x00000000eb100000,0x00000000ee686d68,0x00000000ef900000)
  to   space 79872K, 0% used [0x00000000f1380000,0x00000000f1380000,0x00000000f6180000)
 ParOldGen       total 217600K, used 62894K [0x00000000a0000000, 0x00000000ad480000, 0x00000000e0000000)
  object space 217600K, 28% used [0x00000000a0000000,0x00000000a3d6b8b8,0x00000000ad480000)
 Metaspace       used 99083K, capacity 102996K, committed 103488K, reserved 1138688K
  class space    used 12462K, capacity 13302K, committed 13416K, reserved 1048576K
Event: 2695.924 GC heap after
Heap after GC invocations=36 (full 4):
 PSYoungGen      total 261120K, used 79844K [0x00000000e0000000, 0x00000000f6180000, 0x0000000100000000)
  eden space 181248K, 0% used [0x00000000e0000000,0x00000000e0000000,0x00000000eb100000)
  from space 79872K, 99% used [0x00000000f1380000,0x00000000f6179068,0x00000000f6180000)
  to   space 73728K, 0% used [0x00000000eb100000,0x00000000eb100000,0x00000000ef900000)
 ParOldGen       total 217600K, used 82710K [0x00000000a0000000, 0x00000000ad480000, 0x00000000e0000000)
  object space 217600K, 38% used [0x00000000a0000000,0x00000000a50c5a30,0x00000000ad480000)
 Metaspace       used 99083K, capacity 102996K, committed 103488K, reserved 1138688K
  class space    used 12462K, capacity 13302K, committed 13416K, reserved 1048576K
}
Event: 2697.416 GC heap before
{Heap before GC invocations=37 (full 4):
 PSYoungGen      total 261120K, used 261092K [0x00000000e0000000, 0x00000000f6180000, 0x0000000100000000)
  eden space 181248K, 100% used [0x00000000e0000000,0x00000000eb100000,0x00000000eb100000)
  from space 79872K, 99% used [0x00000000f1380000,0x00000000f6179068,0x00000000f6180000)
  to   space 73728K, 0% used [0x00000000eb100000,0x00000000eb100000,0x00000000ef900000)
 ParOldGen       total 217600K, used 82710K [0x00000000a0000000, 0x00000000ad480000, 0x00000000e0000000)
  object space 217600K, 38% used [0x00000000a0000000,0x00000000a50c5a30,0x00000000ad480000)
 Metaspace       used 99136K, capacity 103060K, committed 103488K, reserved 1138688K
  class space    used 12462K, capacity 13302K, committed 13416K, reserved 1048576K
Event: 2697.447 GC heap after
Heap after GC invocations=37 (full 4):
 PSYoungGen      total 254976K, used 29113K [0x00000000e0000000, 0x00000000f6180000, 0x0000000100000000)
  eden space 181248K, 0% used [0x00000000e0000000,0x00000000e0000000,0x00000000eb100000)
  from space 73728K, 39% used [0x00000000eb100000,0x00000000ecd6e740,0x00000000ef900000)
  to   space 79872K, 0% used [0x00000000f1380000,0x00000000f1380000,0x00000000f6180000)
 ParOldGen       total 217600K, used 82718K [0x00000000a0000000, 0x00000000ad480000, 0x00000000e0000000)
  object space 217600K, 38% used [0x00000000a0000000,0x00000000a50c7a30,0x00000000ad480000)
 Metaspace       used 99136K, capacity 103060K, committed 103488K, reserved 1138688K
  class space    used 12462K, capacity 13302K, committed 13416K, reserved 1048576K
}
Event: 2698.380 GC heap before
{Heap before GC invocations=38 (full 4):
 PSYoungGen      total 254976K, used 210361K [0x00000000e0000000, 0x00000000f6180000, 0x0000000100000000)
  eden space 181248K, 100% used [0x00000000e0000000,0x00000000eb100000,0x00000000eb100000)
  from space 73728K, 39% used [0x00000000eb100000,0x00000000ecd6e740,0x00000000ef900000)
  to   space 79872K, 0% used [0x00000000f1380000,0x00000000f1380000,0x00000000f6180000)
 ParOldGen       total 217600K, used 82718K [0x00000000a0000000, 0x00000000ad480000, 0x00000000e0000000)
  object space 217600K, 38% used [0x00000000a0000000,0x00000000a50c7a30,0x00000000ad480000)
 Metaspace       used 99187K, capacity 103136K, committed 103488K, reserved 1138688K
  class space    used 12466K, capacity 13306K, committed 13416K, reserved 1048576K
Event: 2698.471 GC heap after
Heap after GC invocations=38 (full 4):
 PSYoungGen      total 261120K, used 79870K [0x00000000e0000000, 0x00000000f6180000, 0x0000000100000000)
  eden space 181248K, 0% used [0x00000000e0000000,0x00000000e0000000,0x00000000eb100000)
  from space 79872K, 99% used [0x00000000f1380000,0x00000000f617f8a0,0x00000000f6180000)
  to   space 73728K, 0% used [0x00000000eb100000,0x00000000eb100000,0x00000000ef900000)
 ParOldGen       total 217600K, used 107519K [0x00000000a0000000, 0x00000000ad480000, 0x00000000e0000000)
  object space 217600K, 49% used [0x00000000a0000000,0x00000000a68ffd78,0x00000000ad480000)
 Metaspace       used 99187K, capacity 103136K, committed 103488K, reserved 1138688K
  class space    used 12466K, capacity 13306K, committed 13416K, reserved 1048576K
}
Event: 2699.290 GC heap before
{Heap before GC invocations=39 (full 4):
 PSYoungGen      total 261120K, used 261118K [0x00000000e0000000, 0x00000000f6180000, 0x0000000100000000)
  eden space 181248K, 100% used [0x00000000e0000000,0x00000000eb100000,0x00000000eb100000)
  from space 79872K, 99% used [0x00000000f1380000,0x00000000f617f8a0,0x00000000f6180000)
  to   space 73728K, 0% used [0x00000000eb100000,0x00000000eb100000,0x00000000ef900000)
 ParOldGen       total 217600K, used 107519K [0x00000000a0000000, 0x00000000ad480000, 0x00000000e0000000)
  object space 217600K, 49% used [0x00000000a0000000,0x00000000a68ffd78,0x00000000ad480000)
 Metaspace       used 99198K, capacity 103200K, committed 103488K, reserved 1138688K
  class space    used 12466K, capacity 13306K, committed 13416K, reserved 1048576K
Event: 2699.481 GC heap after
Heap after GC invocations=39 (full 4):
 PSYoungGen      total 254976K, used 73722K [0x00000000e0000000, 0x00000000f6180000, 0x0000000100000000)
  eden space 181248K, 0% used [0x00000000e0000000,0x00000000e0000000,0x00000000eb100000)
  from space 73728K, 99% used [0x00000000eb100000,0x00000000ef8fe838,0x00000000ef900000)
  to   space 79872K, 0% used [0x00000000f1380000,0x00000000f1380000,0x00000000f6180000)
 ParOldGen       total 217600K, used 139085K [0x00000000a0000000, 0x00000000ad480000, 0x00000000e0000000)
  object space 217600K, 63% used [0x00000000a0000000,0x00000000a87d3700,0x00000000ad480000)
 Metaspace       used 99198K, capacity 103200K, committed 103488K, reserved 1138688K
  class space    used 12466K, capacity 13306K, committed 13416K, reserved 1048576K
}

